app/build/outputs/logs/manifest-merger-debug-report.txt
-- Merging decision tree log ---
manifest
ADDED from src\main\AndroidManifest.xml:2:1-64:12
INJECTED from src\main\AndroidManifest.xml:2:1-64:12
INJECTED from src\main\AndroidManifest.xml:2:1-64:12
INJECTED from src\main\AndroidManifest.xml:2:1-64:12
MERGED from [com.android.support:design:23.1.0] AndroidManifest.xml:17:1-24:12
MERGED from [com.android.support:appcompat-v7:23.1.0] AndroidManifest.xml:17:1-24:12
MERGED from [com.android.support:cardview-v7:23.1.0] AndroidManifest.xml:17:1-24:12
MERGED from [com.android.support:recyclerview-v7:23.1.0] AndroidManifest.xml:17:1-22:12
MERGED from [com.github.clans:fab:1.6.2] AndroidManifest.xml:2:1-14:12
MERGED from [com.sromku:simple-fb:4.1.1] AndroidManifest.xml:2:1-14:12
MERGED from [com.facebook.android:facebook-android-sdk:4.7.0] AndroidManifest.xml:21:1-30:12
MERGED from [com.android.support:multidex:1.0.2] AndroidManifest.xml:17:1-22:12
MERGED from [com.android.support.constraint:constraint-layout:1.0.2] AndroidManifest.xml:2:1-11:12
MERGED from [com.android.support:support-v4:23.1.0] AndroidManifest.xml:17:1-24:12
INJECTED from src\main\AndroidManifest.xml:2:1-64:12
INJECTED from src\main\AndroidManifest.xml:2:1-64:12
INJECTED from src\main\AndroidManifest.xml:2:1-64:12
	package
		ADDED from src\main\AndroidManifest.xml:3:5-35
		INJECTED from src\main\AndroidManifest.xml
		INJECTED from src\main\AndroidManifest.xml
	android:versionName
		INJECTED from src\main\AndroidManifest.xml
		ADDED from src\main\AndroidManifest.xml:2:1-64:12
		INJECTED from src\main\AndroidManifest.xml
	android:versionCode
		INJECTED from src\main\AndroidManifest.xml
		ADDED from src\main\AndroidManifest.xml:2:1-64:12
		INJECTED from src\main\AndroidManifest.xml
	xmlns:android
		ADDED from src\main\AndroidManifest.xml:2:11-69
uses-permission#android.permission.INTERNET
ADDED from src\main\AndroidManifest.xml:5:5-67
	android:name
		ADDED from src\main\AndroidManifest.xml:5:22-64
uses-permission#android.permission.ACCESS_NETWORK_STATE
ADDED from src\main\AndroidManifest.xml:6:5-79
	android:name
		ADDED from src\main\AndroidManifest.xml:6:22-76
uses-permission#android.permission.GET_ACCOUNTS
ADDED from src\main\AndroidManifest.xml:9:5-71
	android:name
		ADDED from src\main\AndroidManifest.xml:9:22-68
uses-permission#android.permission.WAKE_LOCK
ADDED from src\main\AndroidManifest.xml:11:5-68
	android:name
		ADDED from src\main\AndroidManifest.xml:11:22-65
application
ADDED from src\main\AndroidManifest.xml:13:5-62:19
MERGED from [com.android.support:design:23.1.0] AndroidManifest.xml:22:5-20
MERGED from [com.android.support:design:23.1.0] AndroidManifest.xml:22:5-20
MERGED from [com.android.support:appcompat-v7:23.1.0] AndroidManifest.xml:22:5-20
MERGED from [com.android.support:appcompat-v7:23.1.0] AndroidManifest.xml:22:5-20
MERGED from [com.android.support:cardview-v7:23.1.0] AndroidManifest.xml:22:5-20
MERGED from [com.android.support:cardview-v7:23.1.0] AndroidManifest.xml:22:5-20
MERGED from [com.github.clans:fab:1.6.2] AndroidManifest.xml:12:5-20
MERGED from [com.github.clans:fab:1.6.2] AndroidManifest.xml:12:5-20
MERGED from [com.sromku:simple-fb:4.1.1] AndroidManifest.xml:12:5-20
MERGED from [com.sromku:simple-fb:4.1.1] AndroidManifest.xml:12:5-20
MERGED from [com.facebook.android:facebook-android-sdk:4.7.0] AndroidManifest.xml:28:5-20
MERGED from [com.facebook.android:facebook-android-sdk:4.7.0] AndroidManifest.xml:28:5-20
MERGED from [com.android.support.constraint:constraint-layout:1.0.2] AndroidManifest.xml:9:5-20
MERGED from [com.android.support.constraint:constraint-layout:1.0.2] AndroidManifest.xml:9:5-20
MERGED from [com.android.support:support-v4:23.1.0] AndroidManifest.xml:22:5-20
MERGED from [com.android.support:support-v4:23.1.0] AndroidManifest.xml:22:5-20
	android:icon
		ADDED from src\main\AndroidManifest.xml:15:9-43
	android:allowBackup
		ADDED from src\main\AndroidManifest.xml:14:9-35
	android:theme
		ADDED from src\main\AndroidManifest.xml:16:9-65
activity#com.phananh.cookbook.SplashCreenActivity
ADDED from src\main\AndroidManifest.xml:17:9-26:20
	android:screenOrientation
		ADDED from src\main\AndroidManifest.xml:20:13-49
	android:label
		ADDED from src\main\AndroidManifest.xml:19:13-45
	android:name
		ADDED from src\main\AndroidManifest.xml:18:13-48
intent-filter#android.intent.action.MAIN+android.intent.category.LAUNCHER
ADDED from src\main\AndroidManifest.xml:21:13-25:29
action#android.intent.action.MAIN
ADDED from src\main\AndroidManifest.xml:22:17-69
	android:name
		ADDED from src\main\AndroidManifest.xml:22:25-66
category#android.intent.category.LAUNCHER
ADDED from src\main\AndroidManifest.xml:24:17-77
	android:name
		ADDED from src\main\AndroidManifest.xml:24:27-74
provider#com.facebook.FacebookContentProvider
ADDED from src\main\AndroidManifest.xml:28:9-31:39
	android:authorities
		ADDED from src\main\AndroidManifest.xml:30:13-91
	android:exported
		ADDED from src\main\AndroidManifest.xml:31:13-36
	android:name
		ADDED from src\main\AndroidManifest.xml:29:13-64
activity#com.facebook.FacebookActivity
ADDED from src\main\AndroidManifest.xml:33:9-37:75
	android:label
		ADDED from src\main\AndroidManifest.xml:36:13-45
	android:configChanges
		ADDED from src\main\AndroidManifest.xml:35:13-96
	android:theme
		ADDED from src\main\AndroidManifest.xml:37:13-72
	android:name
		ADDED from src\main\AndroidManifest.xml:34:13-57
activity#com.phananh.cookbook.MainActivity
ADDED from src\main\AndroidManifest.xml:38:9-50
	android:name
		ADDED from src\main\AndroidManifest.xml:38:19-47
activity#com.phananh.cookbook.DanhSachMonAnActivity
ADDED from src\main\AndroidManifest.xml:39:9-59
	android:name
		ADDED from src\main\AndroidManifest.xml:39:19-56
activity#com.phananh.cookbook.MonAnChiTietActivity
ADDED from src\main\AndroidManifest.xml:40:9-58
	android:name
		ADDED from src\main\AndroidManifest.xml:40:19-55
activity#com.phananh.cookbook.DanhSachYeuThichActivity
ADDED from src\main\AndroidManifest.xml:41:9-62
	android:name
		ADDED from src\main\AndroidManifest.xml:41:19-59
meta-data#com.facebook.sdk.ApplicationId
ADDED from src\main\AndroidManifest.xml:43:9-45:55
	android:value
		ADDED from src\main\AndroidManifest.xml:45:13-52
	android:name
		ADDED from src\main\AndroidManifest.xml:44:13-58
activity#com.phananh.cookbook.ThongTinUngDungActivity
ADDED from src\main\AndroidManifest.xml:47:9-61
	android:name
		ADDED from src\main\AndroidManifest.xml:47:19-58
activity#com.phananh.cookbook.LoginActivity
ADDED from src\main\AndroidManifest.xml:48:9-54:20
	android:name
		ADDED from src\main\AndroidManifest.xml:48:19-48
activity#com.phananh.cookbook.Register
ADDED from src\main\AndroidManifest.xml:55:9-61:20
	android:name
		ADDED from src\main\AndroidManifest.xml:55:19-43
uses-sdk
INJECTED from src\main\AndroidManifest.xml reason: use-sdk injection requested
INJECTED from src\main\AndroidManifest.xml
INJECTED from src\main\AndroidManifest.xml
MERGED from [com.android.support:design:23.1.0] AndroidManifest.xml:20:5-43
MERGED from [com.android.support:design:23.1.0] AndroidManifest.xml:20:5-43
MERGED from [com.android.support:appcompat-v7:23.1.0] AndroidManifest.xml:20:5-43
MERGED from [com.android.support:appcompat-v7:23.1.0] AndroidManifest.xml:20:5-43
MERGED from [com.android.support:cardview-v7:23.1.0] AndroidManifest.xml:20:5-43
MERGED from [com.android.support:cardview-v7:23.1.0] AndroidManifest.xml:20:5-43
MERGED from [com.android.support:recyclerview-v7:23.1.0] AndroidManifest.xml:20:5-43
MERGED from [com.android.support:recyclerview-v7:23.1.0] AndroidManifest.xml:20:5-43
MERGED from [com.github.clans:fab:1.6.2] AndroidManifest.xml:8:5-10:41
MERGED from [com.github.clans:fab:1.6.2] AndroidManifest.xml:8:5-10:41
MERGED from [com.sromku:simple-fb:4.1.1] AndroidManifest.xml:8:5-10:41
MERGED from [com.sromku:simple-fb:4.1.1] AndroidManifest.xml:8:5-10:41
MERGED from [com.facebook.android:facebook-android-sdk:4.7.0] AndroidManifest.xml:24:5-26:41
MERGED from [com.facebook.android:facebook-android-sdk:4.7.0] AndroidManifest.xml:24:5-26:41
MERGED from [com.android.support:multidex:1.0.2] AndroidManifest.xml:20:5-43
MERGED from [com.android.support:multidex:1.0.2] AndroidManifest.xml:20:5-43
MERGED from [com.android.support.constraint:constraint-layout:1.0.2] AndroidManifest.xml:5:5-7:41
MERGED from [com.android.support.constraint:constraint-layout:1.0.2] AndroidManifest.xml:5:5-7:41
MERGED from [com.android.support:support-v4:23.1.0] AndroidManifest.xml:20:5-43
MERGED from [com.android.support:support-v4:23.1.0] AndroidManifest.xml:20:5-43
INJECTED from src\main\AndroidManifest.xml
INJECTED from src\main\AndroidManifest.xml
	android:targetSdkVersion
		INJECTED from src\main\AndroidManifest.xml
		ADDED from src\main\AndroidManifest.xml
		INJECTED from src\main\AndroidManifest.xml
	android:minSdkVersion
		INJECTED from src\main\AndroidManifest.xml
		ADDED from src\main\AndroidManifest.xml
		INJECTED from src\main\AndroidManifest.xml